2.000000e+00 0.000000e+00 0.000000e+00 0.000000e+00 0.000000e+00 0.000000e+00 0.000000e+00 0.000000e+00 0.000000e+00 0.000000e+00
2.010000e+00 0.000000e+00 0.000000e+00 0.000000e+00 -0.000000e+00 3.456456e-04 -1.740687e-07 0.000000e+00 0.000000e+00 9.113162e-08
2.020000e+00 0.000000e+00 0.000000e+00 -0.000000e+00 -0.000000e+00 -3.777460e-05 -1.262721e-07 0.000000e+00 0.000000e+00 7.345211e-08
2.030000e+00 0.000000e+00 0.000000e+00 0.000000e+00 -0.000000e+00 3.228763e-04 -1.480343e-07 0.000000e+00 0.000000e+00 6.844561e-08
2.040000e+00 0.000000e+00 0.000000e+00 -0.000000e+00 -0.000000e+00 -4.193385e-05 -9.433179e-08 0.000000e+00 0.000000e+00 6.803511e-08
2.050000e+00 0.000000e+00 0.000000e+00 0.000000e+00 -0.000000e+00 3.234629e-04 -1.275765e-07 0.000000e+00 0.000000e+00 6.412820e-08
2.060000e+00 0.000000e+00 0.000000e+00 -0.000000e+00 -0.000000e+00 -4.114485e-05 -1.031687e-07 0.000000e+00 0.000000e+00 6.900839e-08
2.070000e+00 0.000000e+00 0.000000e+00 0.000000e+00 -0.000000e+00 3.231012e-04 -1.280662e-07 0.000000e+00 0.000000e+00 6.449878e-08
2.080000e+00 0.000000e+00 0.000000e+00 -0.000000e+00 -0.000000e+00 -4.101196e-05 -1.098057e-07 0.000000e+00 0.000000e+00 6.875048e-08
2.090000e+00 0.000000e+00 0.000000e+00 0.000000e+00 -0.000000e+00 3.227480e-04 -1.272930e-07 0.000000e+00 0.000000e+00 6.478632e-08
2.100000e+00 0.000000e+00 0.000000e+00 -0.000000e+00 -0.000000e+00 -4.084716e-05 -1.116839e-07 0.000000e+00 0.000000e+00 6.839275e-08
2.110000e+00 0.000000e+00 0.000000e+00 0.000000e+00 -0.000000e+00 3.224638e-04 -1.268675e-07 0.000000e+00 0.000000e+00 6.510898e-08
2.120000e+00 0.000000e+00 0.000000e+00 -0.000000e+00 -0.000000e+00 -4.069561e-05 -1.118328e-07 0.000000e+00 0.000000e+00 6.810404e-08
2.130000e+00 0.000000e+00 0.000000e+00 0.000000e+00 -0.000000e+00 3.222028e-04 -1.269587e-07 0.000000e+00 0.000000e+00 6.533542e-08
2.140000e+00 0.000000e+00 0.000000e+00 -0.000000e+00 -0.000000e+00 -4.055452e-05 -1.113571e-07 0.000000e+00 0.000000e+00 6.789334e-08
2.150000e+00 0.000000e+00 0.000000e+00 0.000000e+00 -0.000000e+00 3.219559e-04 -1.273750e-07 0.000000e+00 0.000000e+00 6.547154e-08
2.160000e+00 0.000000e+00 0.000000e+00 -0.000000e+00 -0.000000e+00 -4.041981e-05 -1.106864e-07 0.000000e+00 0.000000e+00 6.775368e-08
2.170000e+00 0.000000e+00 0.000000e+00 0.000000e+00 -0.000000e+00 3.217177e-04 -1.278963e-07 0.000000e+00 0.000000e+00 6.554119e-08
2.180000e+00 0.000000e+00 0.000000e+00 -0.000000e+00 -0.000000e+00 -4.028920e-05 -1.099954e-07 0.000000e+00 0.000000e+00 6.766654e-08
2.190000e+00 0.000000e+00 0.000000e+00 0.000000e+00 -0.000000e+00 3.214854e-04 -1.284033e-07 0.000000e+00 0.000000e+00 6.556618e-08
2.200000e+00 0.000000e+00 0.000000e+00 -0.000000e+00 -0.000000e+00 -4.016114e-05 -1.093662e-07 0.000000e+00 0.000000e+00 6.761463e-08
2.210000e+00 0.000000e+00 0.000000e+00 0.000000e+00 -0.000000e+00 3.212576e-04 -1.288433e-07 0.000000e+00 0.000000e+00 6.556314e-08
2.220000e+00 0.000000e+00 0.000000e+00 -0.000000e+00 -0.000000e+00 -4.003470e-05 -1.088295e-07 0.000000e+00 0.000000e+00 6.758481e-08
2.230000e+00 0.000000e+00 0.000000e+00 0.000000e+00 -0.000000e+00 3.210335e-04 -1.291985e-07 0.000000e+00 0.000000e+00 6.554364e-08
2.240000e+00 0.000000e+00 0.000000e+00 -0.000000e+00 -0.000000e+00 -3.990927e-05 -1.083900e-07 0.000000e+00 0.000000e+00 6.756798e-08
